FinancepeerDemo/android/app/build/intermediates/manifest_merge_blame_file/debug/manifest-merger-blame-debug-report.txt
1<?xml version="1.0" encoding="utf-8"?>
2<manifest xmlns:android="http://schemas.android.com/apk/res/android"
3    package="com.fpdemo"
4    android:versionCode="1"
5    android:versionName="1.0" >
6
7    <uses-sdk
8        android:minSdkVersion="21"
9        android:targetSdkVersion="30" />
10
11    <uses-permission android:name="android.permission.SYSTEM_ALERT_WINDOW" />
11-->src/debug/AndroidManifest.xml:5:5-77
11-->src/debug/AndroidManifest.xml:5:22-75
12    <uses-permission android:name="android.permission.INTERNET" />
12-->src/main/AndroidManifest.xml:3:3-65
12-->src/main/AndroidManifest.xml:3:20-62
13    <uses-permission android:name="android.permission.ACCESS_FINE_LOCATION" />
13-->src/main/AndroidManifest.xml:4:3-76
13-->src/main/AndroidManifest.xml:4:20-74
14    <uses-permission android:name="android.permission.ACCESS_COARSE_LOCATION" />
14-->src/main/AndroidManifest.xml:5:3-78
14-->src/main/AndroidManifest.xml:5:20-76
15    <uses-permission android:name="android.permission.CAMERA" />
15-->src/main/AndroidManifest.xml:6:3-62
15-->src/main/AndroidManifest.xml:6:20-60
16    <uses-permission android:name="android.permission.READ_EXTERNAL_STORAGE" />
16-->src/main/AndroidManifest.xml:7:3-77
16-->src/main/AndroidManifest.xml:7:20-75
17    <uses-permission android:name="android.permission.WRITE_EXTERNAL_STORAGE" />
17-->src/main/AndroidManifest.xml:8:3-78
17-->src/main/AndroidManifest.xml:8:20-76
18
19    <uses-feature
19-->src/main/AndroidManifest.xml:9:9-89
20        android:name="android.hardware.camera"
20-->src/main/AndroidManifest.xml:9:23-61
21        android:required="false" />
21-->src/main/AndroidManifest.xml:9:62-86
22    <uses-feature
22-->src/main/AndroidManifest.xml:10:9-95
23        android:name="android.hardware.camera.front"
23-->src/main/AndroidManifest.xml:10:23-67
24        android:required="false" />
24-->src/main/AndroidManifest.xml:10:68-92
25
26    <uses-permission android:name="android.permission.ACCESS_WIFI_STATE" />
26-->[com.facebook.flipper:flipper:0.99.0] AndroidManifest.xml:16:5-76
26-->[com.facebook.flipper:flipper:0.99.0] AndroidManifest.xml:16:22-73
27
28    <queries>
28-->[:react-native-image-crop-picker] AndroidManifest.xml:9:5-13:15
29        <intent>
29-->[:react-native-image-crop-picker] AndroidManifest.xml:10:9-12:18
30            <action android:name="android.media.action.IMAGE_CAPTURE" />
30-->[:react-native-image-crop-picker] AndroidManifest.xml:11:13-73
30-->[:react-native-image-crop-picker] AndroidManifest.xml:11:21-70
31        </intent>
32    </queries>
33
34    <application
34-->src/main/AndroidManifest.xml:11:3-18:17
35        android:name="com.fpdemo.MainApplication"
35-->src/main/AndroidManifest.xml:11:16-47
36        android:allowBackup="false"
36-->src/main/AndroidManifest.xml:11:162-189
37        android:appComponentFactory="androidx.core.app.CoreComponentFactory"
37-->[androidx.core:core:1.6.0] AndroidManifest.xml:24:18-86
38        android:debuggable="true"
39        android:icon="@mipmap/ic_launcher"
39-->src/main/AndroidManifest.xml:11:81-115
40        android:label="@string/app_name"
40-->src/main/AndroidManifest.xml:11:48-80
41        android:roundIcon="@mipmap/ic_launcher_round"
41-->src/main/AndroidManifest.xml:11:116-161
42        android:theme="@style/AppTheme"
42-->src/main/AndroidManifest.xml:11:190-221
43        android:usesCleartextTraffic="true" >
43-->src/debug/AndroidManifest.xml:8:9-44
44        <activity android:name="com.facebook.react.devsupport.DevSettingsActivity" />
44-->src/debug/AndroidManifest.xml:11:9-86
44-->src/debug/AndroidManifest.xml:11:19-83
45        <activity
45-->src/main/AndroidManifest.xml:12:5-17:16
46            android:name="com.fpdemo.MainActivity"
46-->src/main/AndroidManifest.xml:12:15-43
47            android:configChanges="keyboard|keyboardHidden|orientation|screenSize|uiMode"
47-->src/main/AndroidManifest.xml:12:77-154
48            android:label="@string/app_name"
48-->src/main/AndroidManifest.xml:12:44-76
49            android:launchMode="singleTask"
49-->src/main/AndroidManifest.xml:12:155-186
50            android:windowSoftInputMode="adjustResize" >
50-->src/main/AndroidManifest.xml:12:187-229
51            <intent-filter>
51-->src/main/AndroidManifest.xml:13:7-16:23
52                <action android:name="android.intent.action.MAIN" />
52-->src/main/AndroidManifest.xml:14:9-61
52-->src/main/AndroidManifest.xml:14:17-58
53
54                <category android:name="android.intent.category.LAUNCHER" />
54-->src/main/AndroidManifest.xml:15:9-69
54-->src/main/AndroidManifest.xml:15:19-66
55            </intent-filter>
56        </activity>
57
58        <provider
58-->[:react-native-image-crop-picker] AndroidManifest.xml:18:9-26:20
59            android:name="androidx.core.content.FileProvider"
59-->[:react-native-image-crop-picker] AndroidManifest.xml:19:13-62
60            android:authorities="com.fpdemo.provider"
60-->[:react-native-image-crop-picker] AndroidManifest.xml:20:13-60
61            android:exported="false"
61-->[:react-native-image-crop-picker] AndroidManifest.xml:21:13-37
62            android:grantUriPermissions="true" >
62-->[:react-native-image-crop-picker] AndroidManifest.xml:22:13-47
63            <meta-data
63-->[:react-native-image-crop-picker] AndroidManifest.xml:23:13-25:58
64                android:name="android.support.FILE_PROVIDER_PATHS"
64-->[:react-native-image-crop-picker] AndroidManifest.xml:24:17-67
65                android:resource="@xml/provider_paths" />
65-->[:react-native-image-crop-picker] AndroidManifest.xml:25:17-55
66        </provider>
67
68        <activity
68-->[:react-native-image-crop-picker] AndroidManifest.xml:28:9-30:72
69            android:name="com.yalantis.ucrop.UCropActivity"
69-->[:react-native-image-crop-picker] AndroidManifest.xml:29:13-60
70            android:theme="@style/Theme.AppCompat.Light.NoActionBar" />
70-->[:react-native-image-crop-picker] AndroidManifest.xml:30:13-69
71    </application>
72
73</manifest>